2025-07-13 03:54:41 - search_products.php accessed
2025-07-13 03:54:41 - Search term: b
2025-07-13 03:54:41 - search_products.php accessed
2025-07-13 03:54:41 - Search term: be
2025-07-13 03:54:41 - search_products.php accessed
2025-07-13 03:54:41 - Search term: b
2025-07-13 03:55:09 - search_products.php accessed
2025-07-13 03:55:09 - Search term: s
2025-07-13 03:55:11 - search_products.php accessed
2025-07-13 03:55:11 - Search term: c
2025-07-13 03:55:11 - search_products.php accessed
2025-07-13 03:55:11 - Search term: co
2025-07-13 03:55:11 - search_products.php accessed
2025-07-13 03:55:11 - Search term: cot
2025-07-13 03:55:12 - search_products.php accessed
2025-07-13 03:55:12 - Search term: cott
2025-07-13 03:55:12 - search_products.php accessed
2025-07-13 03:55:12 - Search term: cotto
2025-07-13 03:55:12 - search_products.php accessed
2025-07-13 03:55:12 - Search term: cotton
2025-07-13 03:55:14 - search_products.php accessed
2025-07-13 03:55:14 - Search term: cotto
2025-07-13 03:55:14 - search_products.php accessed
2025-07-13 03:55:14 - Search term: cott
2025-07-13 03:55:14 - search_products.php accessed
2025-07-13 03:55:14 - Search term: cot
2025-07-13 03:55:14 - search_products.php accessed
2025-07-13 03:55:14 - Search term: co
2025-07-13 03:55:14 - search_products.php accessed
2025-07-13 03:55:14 - Search term: c
2025-07-13 03:55:27 - search_products.php accessed
2025-07-13 03:55:27 - Search term: c
2025-07-13 03:55:28 - search_products.php accessed
2025-07-13 03:55:28 - Search term: co
2025-07-13 03:55:29 - search_products.php accessed
2025-07-13 03:55:29 - Search term: cot
2025-07-13 03:55:29 - search_products.php accessed
2025-07-13 03:55:29 - Search term: cott
2025-07-13 03:55:30 - search_products.php accessed
2025-07-13 03:55:30 - Search term: cotto
2025-07-13 03:55:30 - search_products.php accessed
2025-07-13 03:55:30 - Search term: cotton
2025-07-13 04:02:01 - search_products.php accessed
2025-07-13 04:02:01 - Search term: ssss
2025-07-13 04:02:03 - search_products.php accessed
2025-07-13 04:02:03 - Search term: coto
2025-07-13 04:02:06 - search_products.php accessed
2025-07-13 04:02:06 - Search term: cot
2025-07-13 04:09:40 - search_products.php accessed
2025-07-13 04:09:40 - Search term: c
2025-07-13 04:09:40 - search_products.php accessed
2025-07-13 04:09:40 - Search term: co
2025-07-13 04:09:40 - search_products.php accessed
2025-07-13 04:09:40 - Search term: cot
2025-07-13 04:09:41 - search_products.php accessed
2025-07-13 04:09:41 - Search term: co
2025-07-13 04:09:42 - search_products.php accessed
2025-07-13 04:09:42 - Search term: cot
2025-07-13 04:09:42 - search_products.php accessed
2025-07-13 04:09:42 - Search term: cott
2025-07-13 04:09:42 - search_products.php accessed
2025-07-13 04:09:42 - Search term: cotto
2025-07-13 04:09:43 - search_products.php accessed
2025-07-13 04:09:43 - Search term: cottom
2025-07-13 04:09:43 - search_products.php accessed
2025-07-13 04:09:43 - Search term: cotto
2025-07-13 04:09:43 - search_products.php accessed
2025-07-13 04:09:43 - Search term: cott
2025-07-13 04:09:43 - search_products.php accessed
2025-07-13 04:09:43 - Search term: cot
2025-07-13 04:09:43 - search_products.php accessed
2025-07-13 04:09:43 - Search term: co
2025-07-13 04:09:44 - search_products.php accessed
2025-07-13 04:09:44 - Search term: c
2025-07-13 04:10:00 - search_products.php accessed
2025-07-13 04:10:00 - Search term: c
2025-07-13 04:10:03 - search_products.php accessed
2025-07-13 04:10:03 - Search term: co
2025-07-13 04:10:05 - search_products.php accessed
2025-07-13 04:10:05 - Search term: cot
2025-07-13 04:10:05 - search_products.php accessed
2025-07-13 04:10:05 - Search term: cott
2025-07-13 04:10:07 - search_products.php accessed
2025-07-13 04:10:07 - Search term: cot
2025-07-13 04:10:07 - search_products.php accessed
2025-07-13 04:10:07 - Search term: co
2025-07-13 04:10:07 - search_products.php accessed
2025-07-13 04:10:07 - Search term: c
2025-07-13 04:10:09 - search_products.php accessed
2025-07-13 04:10:09 - Search term: t
2025-07-13 04:10:09 - search_products.php accessed
2025-07-13 04:10:09 - Search term: to
2025-07-13 04:10:10 - search_products.php accessed
2025-07-13 04:10:10 - Search term: tot
2025-07-13 04:10:11 - search_products.php accessed
2025-07-13 04:10:11 - Search term: tote
2025-07-13 04:11:02 - search_products.php accessed
2025-07-13 04:11:02 - Search term: tot
2025-07-13 04:11:03 - search_products.php accessed
2025-07-13 04:11:03 - Search term: to
2025-07-13 04:11:03 - search_products.php accessed
2025-07-13 04:11:03 - Search term: t
2025-07-13 04:11:08 - search_products.php accessed
2025-07-13 04:11:08 - Search term: s
2025-07-13 04:11:09 - search_products.php accessed
2025-07-13 04:11:09 - Search term: se
2025-07-13 04:11:10 - search_products.php accessed
2025-07-13 04:11:10 - Search term: s
2025-07-13 04:11:13 - search_products.php accessed
2025-07-13 04:11:13 - Search term: c
2025-07-13 04:11:13 - search_products.php accessed
2025-07-13 04:11:13 - Search term: co
2025-07-13 04:11:14 - search_products.php accessed
2025-07-13 04:11:14 - Search term: cot
2025-07-13 04:11:14 - search_products.php accessed
2025-07-13 04:11:14 - Search term: cott
2025-07-13 04:11:15 - search_products.php accessed
2025-07-13 04:11:15 - Search term: cotto
2025-07-13 04:11:15 - search_products.php accessed
2025-07-13 04:11:15 - Search term: cotton
2025-07-13 05:05:48 - search_products.php accessed
2025-07-13 05:05:48 - Search term: cotton
2025-07-13 05:08:46 - search_products.php accessed
2025-07-13 05:08:46 - Search term: jhjj
2025-07-13 05:17:19 - search_products.php accessed
2025-07-13 05:17:19 - Search term: e
2025-07-13 05:17:20 - search_products.php accessed
2025-07-13 05:17:20 - Search term: ee
2025-07-13 05:17:20 - search_products.php accessed
2025-07-13 05:17:20 - Search term: eew
2025-07-13 05:17:20 - search_products.php accessed
2025-07-13 05:17:20 - Search term: eewe
2025-07-13 05:17:20 - search_products.php accessed
2025-07-13 05:17:20 - Search term: eewee
2025-07-13 05:17:20 - search_products.php accessed
2025-07-13 05:17:20 - Search term: eewe
2025-07-13 05:17:20 - search_products.php accessed
2025-07-13 05:17:20 - Search term: eew
2025-07-13 05:17:21 - search_products.php accessed
2025-07-13 05:17:21 - Search term: ee
2025-07-13 05:17:21 - search_products.php accessed
2025-07-13 05:17:21 - Search term: e
2025-07-13 05:17:21 - search_products.php accessed
2025-07-13 05:17:21 - Search term: c
2025-07-13 05:17:22 - search_products.php accessed
2025-07-13 05:17:22 - Search term: co
2025-07-13 05:17:22 - search_products.php accessed
2025-07-13 05:17:22 - Search term: cor
2025-07-13 05:17:22 - search_products.php accessed
2025-07-13 05:17:22 - Search term: corr
2025-07-13 05:17:23 - search_products.php accessed
2025-07-13 05:17:23 - Search term: cor
2025-07-13 05:17:23 - search_products.php accessed
2025-07-13 05:17:23 - Search term: co
2025-07-13 05:17:23 - search_products.php accessed
2025-07-13 05:17:23 - Search term: c
2025-07-13 05:17:23 - search_products.php accessed
2025-07-13 05:17:23 - Search term: ct
2025-07-13 05:17:23 - search_products.php accessed
2025-07-13 05:17:23 - Search term: ctt
2025-07-13 05:17:23 - search_products.php accessed
2025-07-13 05:17:23 - Search term: ctto
2025-07-13 05:17:24 - search_products.php accessed
2025-07-13 05:17:24 - Search term: ctt
2025-07-13 05:17:24 - search_products.php accessed
2025-07-13 05:17:24 - Search term: ct
2025-07-13 05:17:24 - search_products.php accessed
2025-07-13 05:17:24 - Search term: c
2025-07-13 05:18:13 - search_products.php accessed
2025-07-13 05:18:13 - Search term: c
2025-07-13 05:18:14 - search_products.php accessed
2025-07-13 05:18:14 - Search term: co
2025-07-13 05:18:14 - search_products.php accessed
2025-07-13 05:18:14 - Search term: coo
2025-07-13 05:18:14 - search_products.php accessed
2025-07-13 05:18:14 - Search term: coot
2025-07-13 05:18:14 - search_products.php accessed
2025-07-13 05:18:14 - Search term: cootn
2025-07-13 05:18:15 - search_products.php accessed
2025-07-13 05:18:15 - Search term: coot
2025-07-13 05:18:15 - search_products.php accessed
2025-07-13 05:18:15 - Search term: coo
2025-07-13 05:18:15 - search_products.php accessed
2025-07-13 05:18:15 - Search term: co
2025-07-13 05:18:16 - search_products.php accessed
2025-07-13 05:18:16 - Search term: cot
2025-07-13 05:18:16 - search_products.php accessed
2025-07-13 05:18:16 - Search term: cott
2025-07-13 05:18:17 - search_products.php accessed
2025-07-13 05:18:17 - Search term: cotto
2025-07-13 05:18:17 - search_products.php accessed
2025-07-13 05:18:17 - Search term: cotton
2025-07-13 05:21:09 - search_products.php accessed
2025-07-13 05:21:09 - Search term: c
2025-07-13 05:21:09 - search_products.php accessed
2025-07-13 05:21:09 - Search term: coo
2025-07-13 05:21:10 - search_products.php accessed
2025-07-13 05:21:10 - Search term: c
2025-07-13 05:21:12 - search_products.php accessed
2025-07-13 05:21:12 - Search term: cotton
2025-07-13 05:21:17 - search_products.php accessed
2025-07-13 05:21:17 - Search term: c
2025-07-13 05:21:18 - search_products.php accessed
2025-07-13 05:21:18 - Search term: t
2025-07-13 05:21:19 - search_products.php accessed
2025-07-13 05:21:19 - Search term: tot
2025-07-13 05:21:20 - search_products.php accessed
2025-07-13 05:21:20 - Search term: tote
2025-07-13 05:23:07 - search_products.php accessed
2025-07-13 05:23:07 - Search term: co
2025-07-13 05:28:36 - search_products.php accessed
2025-07-13 05:28:36 - Search term: s
2025-07-13 05:28:38 - search_products.php accessed
2025-07-13 05:28:38 - Search term: co
2025-07-13 05:29:05 - search_products.php accessed
2025-07-13 05:29:05 - Search term: m
2025-07-13 05:29:33 - search_products.php accessed
2025-07-13 05:29:33 - Search term: s
2025-07-13 05:29:34 - search_products.php accessed
2025-07-13 05:29:34 - Search term: ss
2025-07-13 05:29:34 - search_products.php accessed
2025-07-13 05:29:34 - Search term: sss
2025-07-13 05:29:37 - search_products.php accessed
2025-07-13 05:29:37 - Search term: s
2025-07-13 05:29:48 - search_products.php accessed
2025-07-13 05:29:48 - Search term: s
2025-07-13 05:29:48 - search_products.php accessed
2025-07-13 05:29:48 - Search term: ss
2025-07-13 05:32:08 - search_products.php accessed
2025-07-13 05:32:08 - Search term: vgfg
2025-07-13 05:35:05 - search_products.php accessed
2025-07-13 05:35:05 - Search term: gfggggh
2025-07-13 05:35:19 - search_products.php accessed
2025-07-13 05:35:19 - Search term: tt
2025-07-13 05:35:22 - search_products.php accessed
2025-07-13 05:35:22 - Search term: hhh
2025-07-13 05:37:52 - search_products.php accessed
2025-07-13 05:37:52 - Search term: nnn
2025-07-13 05:37:55 - search_products.php accessed
2025-07-13 05:37:55 - Search term: uuu
2025-07-13 05:37:59 - search_products.php accessed
2025-07-13 05:37:59 - Search term: uuuuyyu
2025-07-13 05:38:00 - search_products.php accessed
2025-07-13 05:38:00 - Search term: uuuuyy
2025-07-13 05:38:20 - search_products.php accessed
2025-07-13 05:38:20 - Search term: dd
2025-07-13 05:42:47 - search_products.php accessed
2025-07-13 05:42:47 - Search term: www
2025-07-13 05:43:31 - search_products.php accessed
2025-07-13 05:43:31 - Search term: s
2025-07-13 05:43:50 - search_products.php accessed
2025-07-13 05:43:50 - Search term: f
2025-07-13 05:43:50 - search_products.php accessed
2025-07-13 05:43:50 - Search term: ff
2025-07-13 05:44:37 - search_products.php accessed
2025-07-13 05:44:37 - Search term: gy
2025-07-13 05:44:58 - search_products.php accessed
2025-07-13 05:44:58 - Search term: g
2025-07-13 05:44:58 - search_products.php accessed
2025-07-13 05:44:58 - Search term: gg
2025-07-13 05:45:42 - search_products.php accessed
2025-07-13 05:45:42 - Search term: dd
2025-07-13 05:45:44 - search_products.php accessed
2025-07-13 05:45:44 - Search term: d
2025-07-13 05:46:46 - search_products.php accessed
2025-07-13 05:46:46 - Search term: fv
2025-07-13 05:46:46 - search_products.php accessed
2025-07-13 05:46:46 - Search term: fvfg
2025-07-13 05:46:50 - search_products.php accessed
2025-07-13 05:46:50 - Search term: fvf
2025-07-13 05:47:05 - search_products.php accessed
2025-07-13 05:47:05 - Search term: t
2025-07-13 05:47:43 - search_products.php accessed
2025-07-13 05:47:43 - Search term: f
2025-07-13 05:47:44 - search_products.php accessed
2025-07-13 05:47:44 - Search term: ff
2025-07-13 05:47:53 - search_products.php accessed
2025-07-13 05:47:53 - Search term: gg
2025-07-13 05:47:57 - search_products.php accessed
2025-07-13 05:47:57 - Search term: cotto
2025-07-13 05:49:17 - search_products.php accessed
2025-07-13 05:49:17 - Search term: dd
2025-07-13 05:49:17 - search_products.php accessed
2025-07-13 05:49:17 - Search term: ddd
2025-07-13 05:51:50 - search_products.php accessed
2025-07-13 05:51:50 - Search term: ytyhg
2025-07-13 05:54:58 - search_products.php accessed
2025-07-13 05:54:58 - Search term: gg
2025-07-13 05:55:00 - search_products.php accessed
2025-07-13 05:55:00 - Search term: gg=
2025-07-13 05:55:00 - search_products.php accessed
2025-07-13 05:55:00 - Search term: gg==
2025-07-13 05:55:01 - search_products.php accessed
2025-07-13 05:55:01 - Search term: gg=
2025-07-13 05:55:03 - search_products.php accessed
2025-07-13 05:55:03 - Search term: k
2025-07-13 05:56:26 - search_products.php accessed
2025-07-13 05:56:26 - Search term: d
2025-07-13 05:56:52 - search_products.php accessed
2025-07-13 05:56:52 - Search term: gg
2025-07-13 05:57:01 - search_products.php accessed
2025-07-13 05:57:01 - Search term: ss
2025-07-13 05:57:14 - search_products.php accessed
2025-07-13 05:57:14 - Search term: ff
2025-07-13 05:57:15 - search_products.php accessed
2025-07-13 05:57:15 - Search term: fff
2025-07-13 05:57:22 - search_products.php accessed
2025-07-13 05:57:22 - Search term: ddf
2025-07-13 05:57:23 - search_products.php accessed
2025-07-13 05:57:23 - Search term: ddffdf
2025-07-13 05:57:47 - search_products.php accessed
2025-07-13 05:57:47 - Search term: fff
2025-07-13 05:58:26 - search_products.php accessed
2025-07-13 05:58:26 - Search term: ee
2025-07-13 05:58:38 - search_products.php accessed
2025-07-13 05:58:38 - Search term: fg
2025-07-13 05:58:40 - search_products.php accessed
2025-07-13 05:58:40 - Search term: fgf
2025-07-13 05:58:50 - search_products.php accessed
2025-07-13 05:58:50 - Search term: ff
2025-07-13 05:59:08 - search_products.php accessed
2025-07-13 05:59:08 - Search term: sd
2025-07-13 05:59:31 - search_products.php accessed
2025-07-13 05:59:31 - Search term: sds
2025-07-13 05:59:39 - search_products.php accessed
2025-07-13 05:59:39 - Search term: ss
2025-07-13 05:59:50 - search_products.php accessed
2025-07-13 05:59:50 - Search term: ff
2025-07-13 06:57:27 - search_products.php accessed
2025-07-13 06:57:27 - Search term: xo
2025-07-13 06:57:29 - search_products.php accessed
2025-07-13 06:57:29 - Search term: c
2025-07-13 06:57:29 - search_products.php accessed
2025-07-13 06:57:29 - Search term: co
2025-07-13 06:57:30 - search_products.php accessed
2025-07-13 06:57:30 - Search term: cot
2025-07-13 06:57:56 - search_products.php accessed
2025-07-13 06:57:56 - Search term: www
2025-07-13 06:58:51 - search_products.php accessed
2025-07-13 06:58:51 - Search term: gg
2025-07-13 06:58:52 - search_products.php accessed
2025-07-13 06:58:52 - Search term: f
2025-07-13 06:59:01 - search_products.php accessed
2025-07-13 06:59:01 - Search term: d
2025-07-13 06:59:04 - search_products.php accessed
2025-07-13 06:59:04 - Search term: ss
2025-07-13 07:01:01 - search_products.php accessed
2025-07-13 07:01:01 - Search term: dd
2025-07-13 07:01:04 - search_products.php accessed
2025-07-13 07:01:04 - Search term: d
2025-07-13 07:01:05 - search_products.php accessed
2025-07-13 07:01:05 - Search term: s
2025-07-13 11:45:17 - search_products.php accessed
2025-07-13 11:45:17 - Search term: s
2025-07-13 11:45:20 - search_products.php accessed
2025-07-13 11:45:20 - Search term: cott
